GLOB sdist-make: /opt/rancher-tests/integration/setup.py
rancher inst-nodeps: /opt/rancher-tests/integration/.tox/.tmp/package/1/IntegrationTests-0.1.zip
rancher installed: argcomplete==2.0.0,atomicwrites==1.4.1,attrs==22.1.0,cachetools==5.2.0,certifi==2022.9.24,cffi==1.15.1,chardet==3.0.4,click==8.1.3,client-python @ git+https://github.com/rancher/client-python.git@1ecfc3e6a300f5f336da4e4416c46c50d544fd77,cryptography==3.4.7,execnet==1.9.0,Flask==2.0.2,google-auth==2.13.0,idna==2.8,IntegrationTests @ file:///opt/rancher-tests/integration/.tox/.tmp/package/1/IntegrationTests-0.1.zip,itsdangerous==2.1.2,Jinja2==3.1.2,kubernetes==12.0.1,MarkupSafe==2.1.1,more-itertools==8.14.0,netaddr==0.7.19,oauthlib==3.2.2,pluggy==1.0.0,py==1.11.0,pyasn1==0.4.8,pyasn1-modules==0.2.8,pycparser==2.21,PyJWT==2.4.0,pytest==4.4.1,pytest-forked==1.4.0,pytest-repeat==0.8.0,pytest-xdist==1.28.0,python-dateutil==2.8.2,PyYAML==5.4.1,requests==2.21.0,requests-oauthlib==1.3.1,rsa==4.9,six==1.16.0,urllib3==1.24.3,websocket-client==0.56.0,Werkzeug==2.2.2
rancher run-test-pre: PYTHONHASHSEED='2984544207'
rancher run-test: commands[0] | pytest --durations=20 -rfE -v -m nonparallel
============================= test session starts ==============================
platform linux -- Python 3.9.9, pytest-4.4.1, py-1.11.0, pluggy-1.0.0 -- /opt/rancher-tests/integration/.tox/rancher/bin/python
cachedir: .tox/rancher/.pytest_cache
rootdir: /opt/rancher-tests/integration
plugins: forked-1.4.0, repeat-0.8.0, xdist-1.28.0
collecting ... collected 231 items / 211 deselected / 20 selected

test_catalog.py::test_catalog_refresh PASSED                             [  5%]
test_cluster_auth_tokens.py::test_admin_api_resources SKIPPED            [ 10%]
test_cluster_auth_tokens.py::test_user_no_template SKIPPED               [ 15%]
test_cluster_auth_tokens.py::test_user_with_template SKIPPED             [ 20%]
test_cluster_auth_tokens.py::test_user_group_with_template SKIPPED       [ 25%]
test_clustertemplate.py::test_create_cluster_template_with_members PASSED [ 30%]
test_clustertemplate.py::test_check_enforcement PASSED                   [ 35%]
test_default_roles.py::test_cluster_create_default_role PASSED           [ 40%]
test_default_roles.py::test_cluster_create_role_locked PASSED            [ 45%]
test_default_roles.py::test_project_create_default_role PASSED           [ 50%]
test_default_roles.py::test_project_create_role_locked PASSED            [ 55%]
test_default_roles.py::test_user_create_default_role PASSED              [ 60%]
test_default_roles.py::test_default_system_project_role PASSED           [ 65%]
test_dynamic_schemas.py::test_dynamic_schemas_update PASSED              [ 70%]
test_global_roles.py::test_builtin_default_can_be_edited PASSED          [ 75%]
test_kontainer_drivers.py::test_kontainer_driver_lifecycle SKIPPED       [ 80%]
test_kontainer_drivers.py::test_user_update_settings PASSED              [ 85%]
test_pod_security_policies.py::test_pod_security_policy_template_del PASSED [ 90%]
test_pod_security_policies.py::test_project_action_set_pspt PASSED       [ 95%]
test_tokens.py::test_kubeconfig_token_ttl PASSED                         [100%]

========================== slowest 20 test durations ===========================
60.95s call     suite/test_clustertemplate.py::test_create_cluster_template_with_members
6.29s teardown suite/test_clustertemplate.py::test_check_enforcement
2.81s call     suite/test_clustertemplate.py::test_check_enforcement
2.32s call     suite/test_default_roles.py::test_user_create_default_role
1.07s call     suite/test_default_roles.py::test_cluster_create_default_role
0.96s call     suite/test_default_roles.py::test_project_create_default_role
0.94s call     suite/test_default_roles.py::test_cluster_create_role_locked
0.91s call     suite/test_default_roles.py::test_project_create_role_locked
0.89s call     suite/test_pod_security_policies.py::test_pod_security_policy_template_del
0.82s call     suite/test_tokens.py::test_kubeconfig_token_ttl
0.57s setup    suite/test_pod_security_policies.py::test_pod_security_policy_template_del
0.42s setup    suite/test_tokens.py::test_kubeconfig_token_ttl
0.37s teardown suite/test_default_roles.py::test_project_create_default_role
0.37s setup    suite/test_pod_security_policies.py::test_project_action_set_pspt
0.34s call     suite/test_dynamic_schemas.py::test_dynamic_schemas_update
0.30s call     suite/test_pod_security_policies.py::test_project_action_set_pspt
0.29s setup    suite/test_catalog.py::test_catalog_refresh
0.27s call     suite/test_kontainer_drivers.py::test_user_update_settings
0.24s teardown suite/test_default_roles.py::test_user_create_default_role
0.23s teardown suite/test_default_roles.py::test_project_create_role_locked
============ 15 passed, 5 skipped, 211 deselected in 82.70 seconds =============
___________________________________ summary ____________________________________
  rancher: commands succeeded
  congratulations :)
