GLOB sdist-make: /home/openeuler/rancher-tests/integration/setup.py
rancher inst-nodeps: /home/openeuler/rancher-tests/integration/.tox/.tmp/package/1/IntegrationTests-0.1.zip
rancher installed: argcomplete==3.2.2,atomicwrites==1.4.1,attrs==23.2.0,cachetools==5.3.3,certifi==2024.2.2,cffi==1.16.0,chardet==3.0.4,click==8.1.7,client-python @ git+https://github.com/rancher/client-python.git@1ecfc3e6a300f5f336da4e4416c46c50d544fd77,cryptography==39.0.1,distlib==0.3.8,execnet==2.0.2,filelock==3.13.1,Flask==2.0.2,google-auth==2.28.1,idna==2.8,IntegrationTests @ file:///home/openeuler/rancher-tests/integration/.tox/.tmp/package/1/IntegrationTests-0.1.zip#sha256=9726acebfcf5b410b51398a2d42ceadd96e7c700a406a190c858d10d7aa5f37d,itsdangerous==2.1.2,Jinja2==3.1.3,kubernetes==12.0.1,MarkupSafe==2.1.5,more-itertools==10.2.0,netaddr==0.7.19,oauthlib==3.2.2,packaging==23.2,platformdirs==4.2.0,pluggy==1.4.0,py==1.11.0,pyasn1==0.5.1,pyasn1-modules==0.3.0,pycparser==2.21,PyJWT==2.4.0,pytest==4.4.1,pytest-forked==1.6.0,pytest-repeat==0.8.0,pytest-xdist==1.28.0,python-dateutil==2.9.0.post0,PyYAML==5.4.1,requests==2.21.0,requests-oauthlib==1.3.1,rsa==4.9,six==1.16.0,tomli==2.0.1,tox==3.28.0,urllib3==1.24.3,virtualenv==20.25.1,websocket-client==0.56.0,Werkzeug==2.2.2
rancher run-test-pre: PYTHONHASHSEED='431499494'
rancher run-test: commands[0] | pytest --durations=20 -rfE -v -m nonparallel
============================= test session starts ==============================
platform linux -- Python 3.9.9, pytest-4.4.1, py-1.11.0, pluggy-1.4.0 -- /home/openeuler/rancher-tests/integration/.tox/rancher/bin/python
cachedir: .tox/rancher/.pytest_cache
rootdir: /home/openeuler/rancher-tests/integration
plugins: xdist-1.28.0, forked-1.6.0, repeat-0.8.0
collecting ... collected 228 items / 204 deselected / 24 selected

test_catalog.py::test_catalog_refresh PASSED                             [  4%]
test_cluster_auth_tokens.py::test_admin_api_resources SKIPPED            [  8%]
test_cluster_auth_tokens.py::test_user_no_template SKIPPED               [ 12%]
test_cluster_auth_tokens.py::test_user_with_template SKIPPED             [ 16%]
test_cluster_auth_tokens.py::test_user_group_with_template SKIPPED       [ 20%]
test_clustertemplate.py::test_create_cluster_template_with_members PASSED [ 25%]
test_clustertemplate.py::test_check_enforcement PASSED                   [ 29%]
test_default_roles.py::test_cluster_create_default_role PASSED           [ 33%]
test_default_roles.py::test_cluster_create_role_locked PASSED            [ 37%]
test_default_roles.py::test_project_create_default_role PASSED           [ 41%]
test_default_roles.py::test_project_create_role_locked PASSED            [ 45%]
test_default_roles.py::test_user_create_default_role PASSED              [ 50%]
test_default_roles.py::test_default_system_project_role PASSED           [ 54%]
test_dynamic_schemas.py::test_dynamic_schemas_update PASSED              [ 58%]
test_global_roles.py::test_builtin_default_can_be_edited PASSED          [ 62%]
test_istio.py::test_virtual_service SKIPPED                              [ 66%]
test_istio.py::test_destination_rule SKIPPED                             [ 70%]
test_istio.py::test_destination_rule_on_cookie SKIPPED                   [ 75%]
test_istio.py::test_gateway SKIPPED                                      [ 79%]
test_kontainer_drivers.py::test_kontainer_driver_lifecycle SKIPPED       [ 83%]
test_kontainer_drivers.py::test_user_update_settings PASSED              [ 87%]
test_pod_security_policies.py::test_pod_security_policy_template_del SKIPPED [ 91%]
test_pod_security_policies.py::test_project_action_set_pspt SKIPPED      [ 95%]
test_tokens.py::test_kubeconfig_token_ttl PASSED                         [100%]

========================== slowest 20 test durations ===========================
61.17s call     suite/test_clustertemplate.py::test_create_cluster_template_with_members
20.35s teardown suite/test_clustertemplate.py::test_check_enforcement
2.84s call     suite/test_clustertemplate.py::test_check_enforcement
2.50s call     suite/test_default_roles.py::test_user_create_default_role
1.42s call     suite/test_default_roles.py::test_cluster_create_role_locked
1.37s call     suite/test_default_roles.py::test_cluster_create_default_role
1.28s call     suite/test_tokens.py::test_kubeconfig_token_ttl
1.22s call     suite/test_default_roles.py::test_project_create_default_role
1.20s call     suite/test_kontainer_drivers.py::test_user_update_settings
1.16s call     suite/test_default_roles.py::test_project_create_role_locked
0.62s setup    suite/test_tokens.py::test_kubeconfig_token_ttl
0.42s call     suite/test_dynamic_schemas.py::test_dynamic_schemas_update
0.41s setup    suite/test_catalog.py::test_catalog_refresh
0.32s teardown suite/test_default_roles.py::test_project_create_role_locked
0.31s teardown suite/test_default_roles.py::test_cluster_create_role_locked
0.27s teardown suite/test_default_roles.py::test_project_create_default_role
0.24s teardown suite/test_dynamic_schemas.py::test_dynamic_schemas_update
0.24s teardown suite/test_default_roles.py::test_cluster_create_default_role
0.24s teardown suite/test_default_roles.py::test_user_create_default_role
0.09s teardown suite/test_clustertemplate.py::test_create_cluster_template_with_members
============ 13 passed, 11 skipped, 204 deselected in 98.23 seconds ============
___________________________________ summary ____________________________________
  rancher: commands succeeded
  congratulations :)
